<?xml version="1.0" encoding="UTF-8"?>
<!-- Generated by org.testng.reporters.JUnitReportReporter -->
<testsuite skipped="0" hostname="DESKTOP-N50QFSP" name="DriverFactory.AppTest" tests="1" failures="0" timestamp="04 Feb 2021 17:35:08 GMT" time="0.886" errors="0">
  <testcase name="startTest" time="0.886" classname="DriverFactory.AppTest"/>
</testsuite> <!-- DriverFactory.AppTest -->
